# JRE version: OpenJDK Runtime Environment Temurin-17.0.16+8 (17.0.16+8) (build 17.0.16+8)
# Java VM: OpenJDK 64-Bit Server VM Temurin-17.0.16+8 (17.0.16+8, mixed mode, sharing, tiered, compressed oops, compressed class ptrs, g1 gc, windows-amd64)
GC Precious Log:
 CPUs: 4 total, 4 available
 Memory: 3903M
 Large Page Support: Disabled
 NUMA Support: Disabled
 Compressed Oops: Enabled (32-bit)
 Heap Region Size: 1M
 Heap Min Capacity: 8M
 Heap Initial Capacity: 62M
 Heap Max Capacity: 976M
 Pre-touch: Disabled
 Parallel Workers: 4
 Concurrent Workers: 1
 Concurrent Refinement Workers: 4
 Periodic GC: Disabled
Heap:
 garbage-first heap   total 91136K, used 54241K [0x00000000c3000000, 0x0000000100000000)
  region size 1024K, 45 young (46080K), 4 survivors (4096K)
 Metaspace       used 28159K, committed 28608K, reserved 1114112K
  class space    used 3422K, committed 3648K, reserved 1048576K
GC Heap History (20 events):
Event: 6.523 GC heap before
{Heap before GC invocations=2 (full 0):
 garbage-first heap   total 63488K, used 39697K [0x00000000c3000000, 0x0000000100000000)
  region size 1024K, 37 young (37888K), 1 survivors (1024K)
 Metaspace       used 8591K, committed 8896K, reserved 1114112K
  class space    used 1075K, committed 1216K, reserved 1048576K
}
Event: 6.533 GC heap after
{Heap after GC invocations=3 (full 0):
 garbage-first heap   total 63488K, used 3963K [0x00000000c3000000, 0x0000000100000000)
  region size 1024K, 3 young (3072K), 3 survivors (3072K)
 Metaspace       used 8591K, committed 8896K, reserved 1114112K
  class space    used 1075K, committed 1216K, reserved 1048576K
}
Event: 11.354 GC heap before
{Heap before GC invocations=3 (full 0):
 garbage-first heap   total 63488K, used 38779K [0x00000000c3000000, 0x0000000100000000)
  region size 1024K, 37 young (37888K), 3 survivors (3072K)
 Metaspace       used 11939K, committed 12288K, reserved 1114112K
  class space    used 1521K, committed 1664K, reserved 1048576K
}
Event: 11.364 GC heap after
{Heap after GC invocations=4 (full 0):
 garbage-first heap   total 63488K, used 5065K [0x00000000c3000000, 0x0000000100000000)
  region size 1024K, 4 young (4096K), 4 survivors (4096K)
 Metaspace       used 11939K, committed 12288K, reserved 1114112K
  class space    used 1521K, committed 1664K, reserved 1048576K
}
Event: 12.997 GC heap before
{Heap before GC invocations=4 (full 0):
 garbage-first heap   total 63488K, used 38857K [0x00000000c3000000, 0x0000000100000000)
  region size 1024K, 37 young (37888K), 4 survivors (4096K)
 Metaspace       used 13979K, committed 14336K, reserved 1114112K
  class space    used 1741K, committed 1920K, reserved 1048576K
}
Event: 13.011 GC heap after
{Heap after GC invocations=5 (full 0):
 garbage-first heap   total 63488K, used 6531K [0x00000000c3000000, 0x0000000100000000)
  region size 1024K, 4 young (4096K), 4 survivors (4096K)
 Metaspace       used 13979K, committed 14336K, reserved 1114112K
  class space    used 1741K, committed 1920K, reserved 1048576K
}
Event: 14.371 GC heap before
{Heap before GC invocations=5 (full 0):
 garbage-first heap   total 63488K, used 40323K [0x00000000c3000000, 0x0000000100000000)
  region size 1024K, 37 young (37888K), 4 survivors (4096K)
 Metaspace       used 18676K, committed 19008K, reserved 1114112K
  class space    used 2275K, committed 2432K, reserved 1048576K
}
Event: 14.392 GC heap after
{Heap after GC invocations=6 (full 0):
 garbage-first heap   total 63488K, used 8323K [0x00000000c3000000, 0x0000000100000000)
  region size 1024K, 5 young (5120K), 5 survivors (5120K)
 Metaspace       used 18676K, committed 19008K, reserved 1114112K
  class space    used 2275K, committed 2432K, reserved 1048576K
}
Event: 15.500 GC heap before
{Heap before GC invocations=6 (full 0):
 garbage-first heap   total 63488K, used 22659K [0x00000000c3000000, 0x0000000100000000)
  region size 1024K, 20 young (20480K), 5 survivors (5120K)
 Metaspace       used 21130K, committed 21504K, reserved 1114112K
  class space    used 2545K, committed 2752K, reserved 1048576K
}
Event: 15.519 GC heap after
{Heap after GC invocations=7 (full 0):
 garbage-first heap   total 63488K, used 8678K [0x00000000c3000000, 0x0000000100000000)
  region size 1024K, 3 young (3072K), 3 survivors (3072K)
 Metaspace       used 21130K, committed 21504K, reserved 1114112K
  class space    used 2545K, committed 2752K, reserved 1048576K
}
Event: 16.297 GC heap before
{Heap before GC invocations=8 (full 0):
 garbage-first heap   total 37888K, used 28134K [0x00000000c3000000, 0x0000000100000000)
  region size 1024K, 22 young (22528K), 3 survivors (3072K)
 Metaspace       used 21267K, committed 21632K, reserved 1114112K
  class space    used 2552K, committed 2752K, reserved 1048576K
}
Event: 16.314 GC heap after
{Heap after GC invocations=9 (full 0):
 garbage-first heap   total 37888K, used 10625K [0x00000000c3000000, 0x0000000100000000)
  region size 1024K, 3 young (3072K), 3 survivors (3072K)
 Metaspace       used 21267K, committed 21632K, reserved 1114112K
  class space    used 2552K, committed 2752K, reserved 1048576K
}
Event: 16.318 GC heap before
{Heap before GC invocations=9 (full 0):
 garbage-first heap   total 37888K, used 11649K [0x00000000c3000000, 0x0000000100000000)
  region size 1024K, 4 young (4096K), 3 survivors (3072K)
 Metaspace       used 21267K, committed 21632K, reserved 1114112K
  class space    used 2552K, committed 2752K, reserved 1048576K
}
Event: 16.328 GC heap after
{Heap after GC invocations=10 (full 0):
 garbage-first heap   total 37888K, used 10673K [0x00000000c3000000, 0x0000000100000000)
  region size 1024K, 1 young (1024K), 1 survivors (1024K)
 Metaspace       used 21267K, committed 21632K, reserved 1114112K
  class space    used 2552K, committed 2752K, reserved 1048576K
}
Event: 16.388 GC heap before
{Heap before GC invocations=10 (full 0):
 garbage-first heap   total 37888K, used 28081K [0x00000000c3000000, 0x0000000100000000)
  region size 1024K, 18 young (18432K), 1 survivors (1024K)
 Metaspace       used 21270K, committed 21632K, reserved 1114112K
  class space    used 2552K, committed 2752K, reserved 1048576K
}
Event: 16.389 GC heap after
{Heap after GC invocations=11 (full 0):
 garbage-first heap   total 37888K, used 10333K [0x00000000c3000000, 0x0000000100000000)
  region size 1024K, 1 young (1024K), 1 survivors (1024K)
 Metaspace       used 21270K, committed 21632K, reserved 1114112K
  class space    used 2552K, committed 2752K, reserved 1048576K
}
Event: 16.639 GC heap before
{Heap before GC invocations=11 (full 0):
 garbage-first heap   total 37888K, used 28765K [0x00000000c3000000, 0x0000000100000000)
  region size 1024K, 19 young (19456K), 1 survivors (1024K)
 Metaspace       used 21443K, committed 21824K, reserved 1114112K
  class space    used 2569K, committed 2752K, reserved 1048576K
}
Event: 16.644 GC heap after
{Heap after GC invocations=12 (full 0):
 garbage-first heap   total 91136K, used 10320K [0x00000000c3000000, 0x0000000100000000)
  region size 1024K, 1 young (1024K), 1 survivors (1024K)
 Metaspace       used 21443K, committed 21824K, reserved 1114112K
  class space    used 2569K, committed 2752K, reserved 1048576K
}
Event: 19.675 GC heap before
{Heap before GC invocations=12 (full 0):
 garbage-first heap   total 91136K, used 63568K [0x00000000c3000000, 0x0000000100000000)
  region size 1024K, 53 young (54272K), 1 survivors (1024K)
 Metaspace       used 25525K, committed 25920K, reserved 1114112K
  class space    used 3049K, committed 3264K, reserved 1048576K
}
Event: 19.697 GC heap after
{Heap after GC invocations=13 (full 0):
 garbage-first heap   total 91136K, used 14305K [0x00000000c3000000, 0x0000000100000000)
  region size 1024K, 4 young (4096K), 4 survivors (4096K)
 Metaspace       used 25525K, committed 25920K, reserved 1114112K
  class space    used 3049K, committed 3264K, reserved 1048576K
}

