# JRE version: OpenJDK Runtime Environment Temurin-17.0.16+8 (17.0.16+8) (build 17.0.16+8)
# Java VM: OpenJDK 64-Bit Server VM Temurin-17.0.16+8 (17.0.16+8, mixed mode, sharing, tiered, compressed oops, compressed class ptrs, g1 gc, windows-amd64)
GC Precious Log:
 CPUs: 4 total, 4 available
 Memory: 3903M
 Large Page Support: Disabled
 NUMA Support: Disabled
 Compressed Oops: Enabled (32-bit)
 Heap Region Size: 1M
 Heap Min Capacity: 8M
 Heap Initial Capacity: 62M
 Heap Max Capacity: 976M
 Pre-touch: Disabled
 Parallel Workers: 4
 Concurrent Workers: 1
 Concurrent Refinement Workers: 4
 Periodic GC: Disabled
Heap:
 garbage-first heap   total 60416K, used 22770K [0x00000000c3000000, 0x0000000100000000)
  region size 1024K, 15 young (15360K), 5 survivors (5120K)
 Metaspace       used 27377K, committed 27840K, reserved 1114112K
  class space    used 3321K, committed 3584K, reserved 1048576K
GC Heap History (20 events):
Event: 9.713 GC heap before
{Heap before GC invocations=3 (full 0):
 garbage-first heap   total 63488K, used 38902K [0x00000000c3000000, 0x0000000100000000)
  region size 1024K, 37 young (37888K), 3 survivors (3072K)
 Metaspace       used 11985K, committed 12288K, reserved 1114112K
  class space    used 1525K, committed 1664K, reserved 1048576K
}
Event: 9.727 GC heap after
{Heap after GC invocations=4 (full 0):
 garbage-first heap   total 63488K, used 5268K [0x00000000c3000000, 0x0000000100000000)
  region size 1024K, 4 young (4096K), 4 survivors (4096K)
 Metaspace       used 11985K, committed 12288K, reserved 1114112K
  class space    used 1525K, committed 1664K, reserved 1048576K
}
Event: 11.356 GC heap before
{Heap before GC invocations=4 (full 0):
 garbage-first heap   total 63488K, used 38036K [0x00000000c3000000, 0x0000000100000000)
  region size 1024K, 37 young (37888K), 4 survivors (4096K)
 Metaspace       used 14134K, committed 14464K, reserved 1114112K
  class space    used 1761K, committed 1920K, reserved 1048576K
}
Event: 11.370 GC heap after
{Heap after GC invocations=5 (full 0):
 garbage-first heap   total 63488K, used 6302K [0x00000000c3000000, 0x0000000100000000)
  region size 1024K, 4 young (4096K), 4 survivors (4096K)
 Metaspace       used 14134K, committed 14464K, reserved 1114112K
  class space    used 1761K, committed 1920K, reserved 1048576K
}
Event: 12.338 GC heap before
{Heap before GC invocations=5 (full 0):
 garbage-first heap   total 63488K, used 40094K [0x00000000c3000000, 0x0000000100000000)
  region size 1024K, 37 young (37888K), 4 survivors (4096K)
 Metaspace       used 18968K, committed 19264K, reserved 1114112K
  class space    used 2308K, committed 2432K, reserved 1048576K
}
Event: 12.356 GC heap after
{Heap after GC invocations=6 (full 0):
 garbage-first heap   total 63488K, used 8310K [0x00000000c3000000, 0x0000000100000000)
  region size 1024K, 5 young (5120K), 5 survivors (5120K)
 Metaspace       used 18968K, committed 19264K, reserved 1114112K
  class space    used 2308K, committed 2432K, reserved 1048576K
}
Event: 12.930 GC heap before
{Heap before GC invocations=6 (full 0):
 garbage-first heap   total 63488K, used 20598K [0x00000000c3000000, 0x0000000100000000)
  region size 1024K, 18 young (18432K), 5 survivors (5120K)
 Metaspace       used 21124K, committed 21504K, reserved 1114112K
  class space    used 2546K, committed 2752K, reserved 1048576K
}
Event: 12.948 GC heap after
{Heap after GC invocations=7 (full 0):
 garbage-first heap   total 63488K, used 8950K [0x00000000c3000000, 0x0000000100000000)
  region size 1024K, 3 young (3072K), 3 survivors (3072K)
 Metaspace       used 21124K, committed 21504K, reserved 1114112K
  class space    used 2546K, committed 2752K, reserved 1048576K
}
Event: 13.220 GC heap before
{Heap before GC invocations=8 (full 0):
 garbage-first heap   total 34816K, used 28406K [0x00000000c3000000, 0x0000000100000000)
  region size 1024K, 23 young (23552K), 3 survivors (3072K)
 Metaspace       used 21267K, committed 21696K, reserved 1114112K
  class space    used 2553K, committed 2752K, reserved 1048576K
}
Event: 13.235 GC heap after
{Heap after GC invocations=9 (full 0):
 garbage-first heap   total 34816K, used 10182K [0x00000000c3000000, 0x0000000100000000)
  region size 1024K, 4 young (4096K), 4 survivors (4096K)
 Metaspace       used 21267K, committed 21696K, reserved 1114112K
  class space    used 2553K, committed 2752K, reserved 1048576K
}
Event: 13.329 GC heap before
{Heap before GC invocations=9 (full 0):
 garbage-first heap   total 34816K, used 26566K [0x00000000c3000000, 0x0000000100000000)
  region size 1024K, 20 young (20480K), 4 survivors (4096K)
 Metaspace       used 21274K, committed 21696K, reserved 1114112K
  class space    used 2553K, committed 2752K, reserved 1048576K
}
Event: 13.341 GC heap after
{Heap after GC invocations=10 (full 0):
 garbage-first heap   total 34816K, used 10476K [0x00000000c3000000, 0x0000000100000000)
  region size 1024K, 2 young (2048K), 2 survivors (2048K)
 Metaspace       used 21274K, committed 21696K, reserved 1114112K
  class space    used 2553K, committed 2752K, reserved 1048576K
}
Event: 13.398 GC heap before
{Heap before GC invocations=10 (full 0):
 garbage-first heap   total 34816K, used 26860K [0x00000000c3000000, 0x0000000100000000)
  region size 1024K, 18 young (18432K), 2 survivors (2048K)
 Metaspace       used 21274K, committed 21696K, reserved 1114112K
  class space    used 2553K, committed 2752K, reserved 1048576K
}
Event: 13.403 GC heap after
{Heap after GC invocations=11 (full 0):
 garbage-first heap   total 34816K, used 10051K [0x00000000c3000000, 0x0000000100000000)
  region size 1024K, 2 young (2048K), 2 survivors (2048K)
 Metaspace       used 21274K, committed 21696K, reserved 1114112K
  class space    used 2553K, committed 2752K, reserved 1048576K
}
Event: 13.460 GC heap before
{Heap before GC invocations=11 (full 0):
 garbage-first heap   total 34816K, used 26435K [0x00000000c3000000, 0x0000000100000000)
  region size 1024K, 18 young (18432K), 2 survivors (2048K)
 Metaspace       used 21274K, committed 21696K, reserved 1114112K
  class space    used 2553K, committed 2752K, reserved 1048576K
}
Event: 13.465 GC heap after
{Heap after GC invocations=12 (full 0):
 garbage-first heap   total 60416K, used 10096K [0x00000000c3000000, 0x0000000100000000)
  region size 1024K, 2 young (2048K), 2 survivors (2048K)
 Metaspace       used 21274K, committed 21696K, reserved 1114112K
  class space    used 2553K, committed 2752K, reserved 1048576K
}
Event: 14.934 GC heap before
{Heap before GC invocations=12 (full 0):
 garbage-first heap   total 60416K, used 43888K [0x00000000c3000000, 0x0000000100000000)
  region size 1024K, 35 young (35840K), 2 survivors (2048K)
 Metaspace       used 24945K, committed 25344K, reserved 1114112K
  class space    used 2991K, committed 3200K, reserved 1048576K
}
Event: 14.940 GC heap after
{Heap after GC invocations=13 (full 0):
 garbage-first heap   total 60416K, used 11999K [0x00000000c3000000, 0x0000000100000000)
  region size 1024K, 4 young (4096K), 4 survivors (4096K)
 Metaspace       used 24945K, committed 25344K, reserved 1114112K
  class space    used 2991K, committed 3200K, reserved 1048576K
}
Event: 18.083 GC heap before
{Heap before GC invocations=13 (full 0):
 garbage-first heap   total 60416K, used 43743K [0x00000000c3000000, 0x0000000100000000)
  region size 1024K, 35 young (35840K), 4 survivors (4096K)
 Metaspace       used 26469K, committed 26880K, reserved 1114112K
  class space    used 3203K, committed 3392K, reserved 1048576K
}
Event: 18.099 GC heap after
{Heap after GC invocations=14 (full 0):
 garbage-first heap   total 60416K, used 14578K [0x00000000c3000000, 0x0000000100000000)
  region size 1024K, 5 young (5120K), 5 survivors (5120K)
 Metaspace       used 26469K, committed 26880K, reserved 1114112K
  class space    used 3203K, committed 3392K, reserved 1048576K
}

