# JRE version: OpenJDK Runtime Environment Temurin-17.0.16+8 (17.0.16+8) (build 17.0.16+8)
# Java VM: OpenJDK 64-Bit Server VM Temurin-17.0.16+8 (17.0.16+8, mixed mode, sharing, tiered, compressed oops, compressed class ptrs, g1 gc, windows-amd64)
GC Precious Log:
 CPUs: 4 total, 4 available
 Memory: 3903M
 Large Page Support: Disabled
 NUMA Support: Disabled
 Compressed Oops: Enabled (32-bit)
 Heap Region Size: 1M
 Heap Min Capacity: 8M
 Heap Initial Capacity: 62M
 Heap Max Capacity: 976M
 Pre-touch: Disabled
 Parallel Workers: 4
 Concurrent Workers: 1
 Concurrent Refinement Workers: 4
 Periodic GC: Disabled
Heap:
 garbage-first heap   total 142336K, used 44200K [0x00000000c3000000, 0x0000000100000000)
  region size 1024K, 23 young (23552K), 2 survivors (2048K)
 Metaspace       used 29961K, committed 30400K, reserved 1114112K
  class space    used 3633K, committed 3840K, reserved 1048576K
GC Heap History (20 events):
Event: 41.841 GC heap before
{Heap before GC invocations=82 (full 0):
 garbage-first heap   total 142336K, used 105949K [0x00000000c3000000, 0x0000000100000000)
  region size 1024K, 83 young (84992K), 1 survivors (1024K)
 Metaspace       used 29952K, committed 30400K, reserved 1114112K
  class space    used 3633K, committed 3840K, reserved 1048576K
}
Event: 41.843 GC heap after
{Heap after GC invocations=83 (full 0):
 garbage-first heap   total 142336K, used 22021K [0x00000000c3000000, 0x0000000100000000)
  region size 1024K, 1 young (1024K), 1 survivors (1024K)
 Metaspace       used 29952K, committed 30400K, reserved 1114112K
  class space    used 3633K, committed 3840K, reserved 1048576K
}
Event: 42.140 GC heap before
{Heap before GC invocations=83 (full 0):
 garbage-first heap   total 142336K, used 105989K [0x00000000c3000000, 0x0000000100000000)
  region size 1024K, 83 young (84992K), 1 survivors (1024K)
 Metaspace       used 29952K, committed 30400K, reserved 1114112K
  class space    used 3633K, committed 3840K, reserved 1048576K
}
Event: 42.142 GC heap after
{Heap after GC invocations=84 (full 0):
 garbage-first heap   total 142336K, used 21997K [0x00000000c3000000, 0x0000000100000000)
  region size 1024K, 1 young (1024K), 1 survivors (1024K)
 Metaspace       used 29952K, committed 30400K, reserved 1114112K
  class space    used 3633K, committed 3840K, reserved 1048576K
}
Event: 42.538 GC heap before
{Heap before GC invocations=84 (full 0):
 garbage-first heap   total 142336K, used 105965K [0x00000000c3000000, 0x0000000100000000)
  region size 1024K, 83 young (84992K), 1 survivors (1024K)
 Metaspace       used 29952K, committed 30400K, reserved 1114112K
  class space    used 3633K, committed 3840K, reserved 1048576K
}
Event: 42.540 GC heap after
{Heap after GC invocations=85 (full 0):
 garbage-first heap   total 142336K, used 22028K [0x00000000c3000000, 0x0000000100000000)
  region size 1024K, 1 young (1024K), 1 survivors (1024K)
 Metaspace       used 29952K, committed 30400K, reserved 1114112K
  class space    used 3633K, committed 3840K, reserved 1048576K
}
Event: 43.325 GC heap before
{Heap before GC invocations=85 (full 0):
 garbage-first heap   total 142336K, used 105996K [0x00000000c3000000, 0x0000000100000000)
  region size 1024K, 83 young (84992K), 1 survivors (1024K)
 Metaspace       used 29952K, committed 30400K, reserved 1114112K
  class space    used 3633K, committed 3840K, reserved 1048576K
}
Event: 43.328 GC heap after
{Heap after GC invocations=86 (full 0):
 garbage-first heap   total 142336K, used 22100K [0x00000000c3000000, 0x0000000100000000)
  region size 1024K, 1 young (1024K), 1 survivors (1024K)
 Metaspace       used 29952K, committed 30400K, reserved 1114112K
  class space    used 3633K, committed 3840K, reserved 1048576K
}
Event: 43.681 GC heap before
{Heap before GC invocations=86 (full 0):
 garbage-first heap   total 142336K, used 106068K [0x00000000c3000000, 0x0000000100000000)
  region size 1024K, 83 young (84992K), 1 survivors (1024K)
 Metaspace       used 29955K, committed 30400K, reserved 1114112K
  class space    used 3633K, committed 3840K, reserved 1048576K
}
Event: 43.683 GC heap after
{Heap after GC invocations=87 (full 0):
 garbage-first heap   total 142336K, used 22154K [0x00000000c3000000, 0x0000000100000000)
  region size 1024K, 1 young (1024K), 1 survivors (1024K)
 Metaspace       used 29955K, committed 30400K, reserved 1114112K
  class space    used 3633K, committed 3840K, reserved 1048576K
}
Event: 44.216 GC heap before
{Heap before GC invocations=87 (full 0):
 garbage-first heap   total 142336K, used 106122K [0x00000000c3000000, 0x0000000100000000)
  region size 1024K, 83 young (84992K), 1 survivors (1024K)
 Metaspace       used 29955K, committed 30400K, reserved 1114112K
  class space    used 3633K, committed 3840K, reserved 1048576K
}
Event: 44.218 GC heap after
{Heap after GC invocations=88 (full 0):
 garbage-first heap   total 142336K, used 22238K [0x00000000c3000000, 0x0000000100000000)
  region size 1024K, 1 young (1024K), 1 survivors (1024K)
 Metaspace       used 29955K, committed 30400K, reserved 1114112K
  class space    used 3633K, committed 3840K, reserved 1048576K
}
Event: 45.207 GC heap before
{Heap before GC invocations=88 (full 0):
 garbage-first heap   total 142336K, used 106206K [0x00000000c3000000, 0x0000000100000000)
  region size 1024K, 83 young (84992K), 1 survivors (1024K)
 Metaspace       used 29955K, committed 30400K, reserved 1114112K
  class space    used 3633K, committed 3840K, reserved 1048576K
}
Event: 45.209 GC heap after
{Heap after GC invocations=89 (full 0):
 garbage-first heap   total 142336K, used 22255K [0x00000000c3000000, 0x0000000100000000)
  region size 1024K, 1 young (1024K), 1 survivors (1024K)
 Metaspace       used 29955K, committed 30400K, reserved 1114112K
  class space    used 3633K, committed 3840K, reserved 1048576K
}
Event: 45.532 GC heap before
{Heap before GC invocations=89 (full 0):
 garbage-first heap   total 142336K, used 106223K [0x00000000c3000000, 0x0000000100000000)
  region size 1024K, 83 young (84992K), 1 survivors (1024K)
 Metaspace       used 29958K, committed 30400K, reserved 1114112K
  class space    used 3633K, committed 3840K, reserved 1048576K
}
Event: 45.534 GC heap after
{Heap after GC invocations=90 (full 0):
 garbage-first heap   total 142336K, used 22295K [0x00000000c3000000, 0x0000000100000000)
  region size 1024K, 1 young (1024K), 1 survivors (1024K)
 Metaspace       used 29958K, committed 30400K, reserved 1114112K
  class space    used 3633K, committed 3840K, reserved 1048576K
}
Event: 45.954 GC heap before
{Heap before GC invocations=90 (full 0):
 garbage-first heap   total 142336K, used 106263K [0x00000000c3000000, 0x0000000100000000)
  region size 1024K, 83 young (84992K), 1 survivors (1024K)
 Metaspace       used 29960K, committed 30400K, reserved 1114112K
  class space    used 3633K, committed 3840K, reserved 1048576K
}
Event: 45.957 GC heap after
{Heap after GC invocations=91 (full 0):
 garbage-first heap   total 142336K, used 22342K [0x00000000c3000000, 0x0000000100000000)
  region size 1024K, 1 young (1024K), 1 survivors (1024K)
 Metaspace       used 29960K, committed 30400K, reserved 1114112K
  class space    used 3633K, committed 3840K, reserved 1048576K
}
Event: 46.390 GC heap before
{Heap before GC invocations=91 (full 0):
 garbage-first heap   total 142336K, used 106310K [0x00000000c3000000, 0x0000000100000000)
  region size 1024K, 83 young (84992K), 1 survivors (1024K)
 Metaspace       used 29960K, committed 30400K, reserved 1114112K
  class space    used 3633K, committed 3840K, reserved 1048576K
}
Event: 46.391 GC heap after
{Heap after GC invocations=92 (full 0):
 garbage-first heap   total 142336K, used 22389K [0x00000000c3000000, 0x0000000100000000)
  region size 1024K, 1 young (1024K), 1 survivors (1024K)
 Metaspace       used 29960K, committed 30400K, reserved 1114112K
  class space    used 3633K, committed 3840K, reserved 1048576K
}

